<?xml version="1.0" encoding="UTF-8"?>
<!-- Generated by org.testng.reporters.JUnitXMLReporter -->
<testsuite hostname="Jui" failures="0" tests="2" name="Test" time="0.064" errors="0" timestamp="14 Aug 2020 14:29:40 GMT">
  <testcase classname="amazon.framework.testcases.LoginTestAmazon" name="@BeforeClass setup" time="0.0">
    <failure type="java.lang.NullPointerException">
      <![CDATA[java.lang.NullPointerException
	at amazon.framework.testcases.BaseClass.setup(BaseClass.java:29)
... Removed 24 stack frames]]>
    </failure>
  </testcase> <!-- @BeforeClass setup -->
  <testcase classname="amazon.framework.testcases.LoginTestAmazon" name="@AfterClass tearDown" time="0.0">
    <skipped/>
  </testcase> <!-- @AfterClass tearDown -->
  <testcase classname="amazon.framework.testcases.TestItemSearch" name="@BeforeClass setup" time="0.0">
    <skipped/>
  </testcase> <!-- @BeforeClass setup -->
  <testcase classname="amazon.framework.testcases.TestItemSearch" name="@AfterClass tearDown" time="0.0">
    <skipped/>
  </testcase> <!-- @AfterClass tearDown -->
  <testcase classname="amazon.framework.testcases.LoginTestAmazon" name="LoginToAmazon" time="0.003">
    <skipped/>
  </testcase> <!-- LoginToAmazon -->
  <testcase classname="amazon.framework.testcases.TestItemSearch" name="ItemSearchTest" time="0.003">
    <skipped/>
  </testcase> <!-- ItemSearchTest -->
</testsuite> <!-- Test -->
